<?xml version="1.0" encoding="UTF-8" ?>
<testsuite tests="1" failures="0" name="infinite.AppTest" time="0.003" errors="0" skipped="0">
  <properties>
    <property name="idea.version" value="2021.1.1"/>
    <property name="java.runtime.name" value="Java(TM) SE Runtime Environment"/>
    <property name="java.vm.version" value="15+36-1562"/>
    <property name="sun.boot.library.path" value="C:\Program Files\Java\jdk-15\bin"/>
    <property name="maven.multiModuleProjectDirectory" value="E:\game\deadCellsMod"/>
    <property name="java.vm.vendor" value="Oracle Corporation"/>
    <property name="java.vendor.url" value="https://java.oracle.com/"/>
    <property name="guice.disable.misplaced.annotation.check" value="true"/>
    <property name="path.separator" value=";"/>
    <property name="java.vm.name" value="Java HotSpot(TM) 64-Bit Server VM"/>
    <property name="sun.os.patch.level" value=""/>
    <property name="user.script" value=""/>
    <property name="user.country" value="CN"/>
    <property name="sun.java.launcher" value="SUN_STANDARD"/>
    <property name="java.vm.specification.name" value="Java Virtual Machine Specification"/>
    <property name="user.dir" value="E:\game\deadCellsMod"/>
    <property name="java.vm.compressedOopsMode" value="32-bit"/>
    <property name="java.runtime.version" value="15+36-1562"/>
    <property name="os.arch" value="amd64"/>
    <property name="java.io.tmpdir" value="C:\Users\mu\AppData\Local\Temp\"/>
    <property name="line.separator" value="
"/>
    <property name="java.vm.specification.vendor" value="Oracle Corporation"/>
    <property name="user.variant" value=""/>
    <property name="os.name" value="Windows 10"/>
    <property name="maven.ext.class.path" value="C:\Program Files\JetBrains\IntelliJ IDEA 2021.1.1\plugins\maven\lib\maven-event-listener.jar"/>
    <property name="archetypeCatalog" value="internal"/>
    <property name="classworlds.conf" value="E:\myself\ManveResource\FinishMaven\apache-maven-3.3.9\bin\m2.conf"/>
    <property name="sun.jnu.encoding" value="GBK"/>
    <property name="java.library.path" value="C:\Program Files\Java\jdk-15\bin;C:\WINDOWS\Sun\Java\bin;C:\WINDOWS\system32;C:\WINDOWS;C:\Program Files (x86)\Common Files\Oracle\Java\javapath;&quot;C:\Program Files\Common Files\Oracle\Java\javapath.;C:\Program Files\Java\OpenJDK8U-jdk_x64_windows_openj9_8u275b01_openj9-0.23.0\jdk8u275-b01\bin;&quot;;C:\WINDOWS\system32;C:\WINDOWS;C:\WINDOWS\System32\Wbem;C:\WINDOWS\System32\WindowsPowerShell\v1.0\;C:\WINDOWS\System32\OpenSSH\;E:\myself;C:\Program Files (x86)\MySQL\MySQL Server 5.5\bin;E:\Git\cmd;C:\Program Files\Java\OpenJDK8U-jdk_x64_windows_openj9_8u275b01_openj9-0.23.0\jdk8u275-b01\bin;E:\myself\springSource\gradle-6.8.3-bin\gradle-6.8.3\bin;C:\Program Files\Common Files\Autodesk Shared\;C:\Program Files (x86)\Autodesk\Backburner\;C:\Program Files\dotnet\;C:\Program Files (x86)\Reference Assemblies\Microsoft\Framework\.NETFramework;C:\Users\mu\AppData\Local\Microsoft\WindowsApps;D:\PyCharm Community Edition 2021.3.2\bin;;C:\Users\mu\.dotnet\tools;C:\Program Files (x86)\Reference Assemblies\Microsoft\Framework\.NETFramework;;C:\Users\mu\AppData\Local\Programs\EmEditor;."/>
    <property name="jdk.debug" value="release"/>
    <property name="java.class.version" value="59.0"/>
    <property name="java.specification.name" value="Java Platform API Specification"/>
    <property name="sun.management.compiler" value="HotSpot 64-Bit Tiered Compilers"/>
    <property name="os.version" value="10.0"/>
    <property name="user.home" value="C:\Users\mu"/>
    <property name="user.timezone" value="Asia/Shanghai"/>
    <property name="file.encoding" value="GBK"/>
    <property name="java.specification.version" value="15"/>
    <property name="user.name" value="mu"/>
    <property name="java.class.path" value="E:\myself\ManveResource\FinishMaven\apache-maven-3.3.9\boot\plexus-classworlds-2.5.2.jar"/>
    <property name="java.vm.specification.version" value="15"/>
    <property name="sun.arch.data.model" value="64"/>
    <property name="sun.java.command" value="org.codehaus.classworlds.Launcher -Didea.version=2021.1.1 -s E:\myself\ManveResource\FinishMaven\settings.xml package"/>
    <property name="java.home" value="C:\Program Files\Java\jdk-15"/>
    <property name="user.language" value="zh"/>
    <property name="java.specification.vendor" value="Oracle Corporation"/>
    <property name="java.vm.info" value="mixed mode, sharing"/>
    <property name="java.version" value="15"/>
    <property name="java.vendor" value="Oracle Corporation"/>
    <property name="maven.home" value="E:\myself\ManveResource\FinishMaven\apache-maven-3.3.9"/>
    <property name="file.separator" value="\"/>
    <property name="java.version.date" value="2020-09-15"/>
    <property name="java.vendor.url.bug" value="https://bugreport.java.com/bugreport/"/>
    <property name="sun.io.unicode.encoding" value="UnicodeLittle"/>
    <property name="sun.cpu.endian" value="little"/>
    <property name="sun.cpu.isalist" value="amd64"/>
  </properties>
  <testcase classname="infinite.AppTest" name="shouldAnswerWithTrue" time="0.003"/>
</testsuite>